Using pre-set license
Built from '2020.3/staging' branch; Version is '2020.3.20f1 (41c4e627c95f) revision 4310246'; Using compiler version '192528614'; Build Type 'Release'
OS: 'Windows 10 Home Single Language; OS build 22000.318; Version 2009; 64bit' Language: 'es' Physical Memory: 3918 MB
BatchMode: 1, IsHumanControllingUs: 0, StartBugReporterOnCrash: 0, Is64bit: 1, IsPro: 0

COMMAND LINE ARGUMENTS:
C:\Program Files\Unity 2020.3.20f1\Editor\Unity.exe
-adb2
-batchMode
-noUpm
-name
AssetImportWorker10
-projectPath
C:/Users/Alex/PrimerJuego
-logFile
Logs/AssetImportWorker10.log
-srvPort
59802
Successfully changed project path to: C:/Users/Alex/PrimerJuego
C:/Users/Alex/PrimerJuego
Using Asset Import Pipeline V2.
